<?xml version="1.0" encoding="UTF-8"?>
<!-- Generated by org.testng.reporters.JUnitReportReporter -->
<testsuite hostname="Praweens-MacBook-Pro.local" name="com.puja.WebAutomationFramework.SearchPageTest" tests="2" failures="0" timestamp="5 Sep 2017 01:21:00 GMT" time="0.002" errors="0">
  <testcase name="sortResult" time="0.001" classname="com.puja.WebAutomationFramework.SearchPageTest"/>
  <testcase name="searchPageVerifyTitle" time="0.001" classname="com.puja.WebAutomationFramework.SearchPageTest"/>
</testsuite> <!-- com.puja.WebAutomationFramework.SearchPageTest -->
