<?xml version="1.0" encoding="UTF-8"?>
<!-- Generated by org.testng.reporters.JUnitReportReporter -->
<testsuite hostname="Praweens-MacBook-Pro.local" name="com.puja.WebAutomationFramework.SignInPageTest" tests="4" failures="0" timestamp="5 Sep 2017 01:21:00 GMT" time="2.644" errors="0">
  <testcase name="testSignIn" time="0.590" classname="com.puja.WebAutomationFramework.SignInPageTest"/>
  <testcase name="testSignIn" time="0.667" classname="com.puja.WebAutomationFramework.SignInPageTest"/>
  <testcase name="testSignIn" time="0.722" classname="com.puja.WebAutomationFramework.SignInPageTest"/>
  <testcase name="testSignIn" time="0.665" classname="com.puja.WebAutomationFramework.SignInPageTest"/>
</testsuite> <!-- com.puja.WebAutomationFramework.SignInPageTest -->
