<?xml version="1.0" encoding="UTF-8"?>
<!-- Generated by org.testng.reporters.JUnitReportReporter -->
<testsuite hostname="Praweens-MacBook-Pro.local" name="com.puja.WebAutomationFramework.HomePageTest" tests="3" failures="0" timestamp="5 Sep 2017 01:21:00 GMT" time="4.779" errors="0">
  <testcase name="testsearchBox" time="3.531" classname="com.puja.WebAutomationFramework.HomePageTest"/>
  <testcase name="testsignInLink" time="1.217" classname="com.puja.WebAutomationFramework.HomePageTest"/>
  <testcase name="testNavLinks" time="0.031" classname="com.puja.WebAutomationFramework.HomePageTest"/>
</testsuite> <!-- com.puja.WebAutomationFramework.HomePageTest -->
